-- The C compiler identification is GNU 13.3.0
-- The CXX compiler identification is GNU 13.3.0
-- Detecting C compiler ABI info
-- Detecting C compiler ABI info - done
-- Check for working C compiler: /usr/bin/cc - skipped
-- Detecting C compile features
-- Detecting C compile features - done
-- Detecting CXX compiler ABI info
-- Detecting CXX compiler ABI info - done
-- Check for working CXX compiler: /usr/bin/c++ - skipped
-- Detecting CXX compile features
-- Detecting CXX compile features - done
-- Found ament_cmake: 2.5.4 (/opt/ros/jazzy/share/ament_cmake/cmake)
-- Found Python3: /usr/bin/python3 (found version "3.12.3") found components: Interpreter 
-- Found rclcpp: 28.1.10 (/opt/ros/jazzy/share/rclcpp/cmake)
-- Found rosidl_generator_c: 4.6.5 (/opt/ros/jazzy/share/rosidl_generator_c/cmake)
-- Found rosidl_generator_cpp: 4.6.5 (/opt/ros/jazzy/share/rosidl_generator_cpp/cmake)
-- Using all available rosidl_typesupport_c: rosidl_typesupport_fastrtps_c;rosidl_typesupport_introspection_c
-- Using all available rosidl_typesupport_cpp: rosidl_typesupport_fastrtps_cpp;rosidl_typesupport_introspection_cpp
-- Found rmw_implementation_cmake: 7.3.2 (/opt/ros/jazzy/share/rmw_implementation_cmake/cmake)
-- Found rmw_fastrtps_cpp: 8.4.2 (/opt/ros/jazzy/share/rmw_fastrtps_cpp/cmake)
-- Found OpenSSL: /usr/lib/x86_64-linux-gnu/libcrypto.so (found version "3.0.13")  
-- Found FastRTPS: /opt/ros/jazzy/include (Required is at least version "2.13") 
-- Using RMW implementation 'rmw_fastrtps_cpp' as default
-- Found rclpy: 7.1.4 (/opt/ros/jazzy/share/rclpy/cmake)
-- Found rclcpp_lifecycle: 28.1.10 (/opt/ros/jazzy/share/rclcpp_lifecycle/cmake)
-- Found sensor_msgs: 5.3.6 (/opt/ros/jazzy/share/sensor_msgs/cmake)
-- Found xacro: 2.0.13 (/opt/ros/jazzy/share/xacro/cmake)
-- Found image_transport_plugins: 4.0.4 (/opt/ros/jazzy/share/image_transport_plugins/cmake)
-- Found robot_state_publisher: 3.3.3 (/opt/ros/jazzy/share/robot_state_publisher/cmake)
-- Found ros_gz_bridge: 1.0.15 (/opt/ros/jazzy/share/ros_gz_bridge/cmake)
-- Looking for gz-msgs10 -- found version 10.3.2
-- Searching for dependencies of gz-msgs10
-- Found Protobuf: /usr/lib/x86_64-linux-gnu/libprotobuf.so (found version "3.21.12") 
-- Looking for gz-utils2 -- found version 2.2.1
-- Searching for dependencies of gz-utils2
-- Looking for gz-math7 -- found version 7.5.2
-- Searching for dependencies of gz-math7
-- Looking for gz-utils2 -- found version 2.2.1
-- Checking for module 'tinyxml2'
--   Found tinyxml2, version 10.0.0
-- Looking for gz-transport13 -- found version 13.4.1
-- Searching for dependencies of gz-transport13
-- Config-file not installed for ZeroMQ -- checking for pkg-config
-- Checking for module 'libzmq >= 4'
--   Found libzmq, version 4.3.5
-- Found ZeroMQ: TRUE (Required is at least version "4") 
-- Checking for module 'uuid'
--   Found uuid, version 2.39.3
-- Found UUID: TRUE  
-- Looking for gz-utils2 -- found version 2.2.1
-- Searching for dependencies of gz-utils2
-- Searching for <gz-utils2> component [cli]
-- Looking for gz-utils2-cli -- found version 2.2.1
-- Searching for dependencies of gz-utils2-cli
-- Looking for gz-msgs10 -- found version 10.3.2
-- Found ros_gz_sim: 1.0.15 (/opt/ros/jazzy/share/ros_gz_sim/cmake)
-- Found ros_gz_image: 1.0.15 (/opt/ros/jazzy/share/ros_gz_image/cmake)
-- Found rviz2: 14.1.12 (/opt/ros/jazzy/share/rviz2/cmake)
-- Found ament_lint_auto: 0.17.2 (/opt/ros/jazzy/share/ament_lint_auto/cmake)
-- Added test 'copyright' to check source files copyright and LICENSE
-- Added test 'cppcheck' to perform static code analysis on C / C++ code
-- Configured cppcheck include dirs: 
-- Configured cppcheck exclude dirs and/or files: 
-- Added test 'cpplint' to check C / C++ code against the Google style
-- Configured cpplint exclude dirs and/or files: 
-- Added test 'flake8' to check Python code syntax and style conventions
-- Configured 'flake8' exclude dirs and/or files: 
-- Added test 'lint_cmake' to check CMake code style
-- Added test 'pep257' to check Python code against some of the docstring style conventions in PEP 257
-- Added test 'uncrustify' to check C / C++ code style
-- Configured uncrustify additional arguments: 
-- Added test 'xmllint' to check XML markup files
-- Configuring done (3.0s)
-- Generating done (0.0s)
-- Build files have been written to: /home/nonso/Dev/DepthCamSim/build/depthcam_sim
[ 50%] [32mBuilding CXX object CMakeFiles/depthcam_node.dir/src/depthcam_node.cpp.o[0m
[100%] [32m[1mLinking CXX executable depthcam_node[0m
[100%] Built target depthcam_node
-- Install configuration: ""
-- Installing: /home/nonso/Dev/DepthCamSim/install/depthcam_sim/share/depthcam_sim/launch
-- Installing: /home/nonso/Dev/DepthCamSim/install/depthcam_sim/share/depthcam_sim/launch/simulation.launch.py
-- Installing: /home/nonso/Dev/DepthCamSim/install/depthcam_sim/share/depthcam_sim/rviz
-- Installing: /home/nonso/Dev/DepthCamSim/install/depthcam_sim/share/depthcam_sim/rviz/simulation.rviz
-- Installing: /home/nonso/Dev/DepthCamSim/install/depthcam_sim/share/depthcam_sim/world
-- Installing: /home/nonso/Dev/DepthCamSim/install/depthcam_sim/share/depthcam_sim/world/simulation.sdf
-- Installing: /home/nonso/Dev/DepthCamSim/install/depthcam_sim/share/ament_index/resource_index/package_run_dependencies/depthcam_sim
-- Installing: /home/nonso/Dev/DepthCamSim/install/depthcam_sim/share/ament_index/resource_index/parent_prefix_path/depthcam_sim
-- Installing: /home/nonso/Dev/DepthCamSim/install/depthcam_sim/share/depthcam_sim/environment/ament_prefix_path.sh
-- Installing: /home/nonso/Dev/DepthCamSim/install/depthcam_sim/share/depthcam_sim/environment/ament_prefix_path.dsv
-- Installing: /home/nonso/Dev/DepthCamSim/install/depthcam_sim/share/depthcam_sim/environment/path.sh
-- Installing: /home/nonso/Dev/DepthCamSim/install/depthcam_sim/share/depthcam_sim/environment/path.dsv
-- Installing: /home/nonso/Dev/DepthCamSim/install/depthcam_sim/share/depthcam_sim/local_setup.bash
-- Installing: /home/nonso/Dev/DepthCamSim/install/depthcam_sim/share/depthcam_sim/local_setup.sh
-- Installing: /home/nonso/Dev/DepthCamSim/install/depthcam_sim/share/depthcam_sim/local_setup.zsh
-- Installing: /home/nonso/Dev/DepthCamSim/install/depthcam_sim/share/depthcam_sim/local_setup.dsv
-- Installing: /home/nonso/Dev/DepthCamSim/install/depthcam_sim/share/depthcam_sim/package.dsv
-- Installing: /home/nonso/Dev/DepthCamSim/install/depthcam_sim/share/ament_index/resource_index/packages/depthcam_sim
-- Installing: /home/nonso/Dev/DepthCamSim/install/depthcam_sim/share/depthcam_sim/cmake/depthcam_simConfig.cmake
-- Installing: /home/nonso/Dev/DepthCamSim/install/depthcam_sim/share/depthcam_sim/cmake/depthcam_simConfig-version.cmake
-- Installing: /home/nonso/Dev/DepthCamSim/install/depthcam_sim/share/depthcam_sim/package.xml
