[0.012s] Invoking command in '/home/nonso/Dev/DepthCamSim/build/depthcam_sim': CMAKE_PREFIX_PATH=${CMAKE_PREFIX_PATH}:/opt/ros/jazzy DEBUGINFOD_URLS=https://debuginfod.ubuntu.com /usr/bin/cmake /home/nonso/Dev/DepthCamSim -DCMAKE_INSTALL_PREFIX=/home/nonso/Dev/DepthCamSim/install/depthcam_sim
[0.140s] -- The C compiler identification is GNU 13.3.0
[0.206s] -- The CXX compiler identification is GNU 13.3.0
[0.227s] -- Detecting C compiler ABI info
[0.331s] -- Detecting C compiler ABI info - done
[0.341s] -- Check for working C compiler: /usr/bin/cc - skipped
[0.342s] -- Detecting C compile features
[0.343s] -- Detecting C compile features - done
[0.354s] -- Detecting CXX compiler ABI info
[0.462s] -- Detecting CXX compiler ABI info - done
[0.473s] -- Check for working CXX compiler: /usr/bin/c++ - skipped
[0.474s] -- Detecting CXX compile features
[0.474s] -- Detecting CXX compile features - done
[0.495s] -- Found ament_cmake: 2.5.4 (/opt/ros/jazzy/share/ament_cmake/cmake)
[0.663s] -- Found Python3: /usr/bin/python3 (found version "3.12.3") found components: Interpreter 
[0.815s] -- Found rclcpp: 28.1.10 (/opt/ros/jazzy/share/rclcpp/cmake)
[0.893s] -- Found rosidl_generator_c: 4.6.5 (/opt/ros/jazzy/share/rosidl_generator_c/cmake)
[0.918s] -- Found rosidl_generator_cpp: 4.6.5 (/opt/ros/jazzy/share/rosidl_generator_cpp/cmake)
[0.952s] -- Using all available rosidl_typesupport_c: rosidl_typesupport_fastrtps_c;rosidl_typesupport_introspection_c
[0.985s] -- Using all available rosidl_typesupport_cpp: rosidl_typesupport_fastrtps_cpp;rosidl_typesupport_introspection_cpp
[1.108s] -- Found rmw_implementation_cmake: 7.3.2 (/opt/ros/jazzy/share/rmw_implementation_cmake/cmake)
[1.114s] -- Found rmw_fastrtps_cpp: 8.4.2 (/opt/ros/jazzy/share/rmw_fastrtps_cpp/cmake)
[1.244s] -- Found OpenSSL: /usr/lib/x86_64-linux-gnu/libcrypto.so (found version "3.0.13")  
[1.268s] -- Found FastRTPS: /opt/ros/jazzy/include (Required is at least version "2.13") 
[1.295s] -- Using RMW implementation 'rmw_fastrtps_cpp' as default
[1.412s] -- Found rclpy: 7.1.4 (/opt/ros/jazzy/share/rclpy/cmake)
[1.416s] -- Found rclcpp_lifecycle: 28.1.10 (/opt/ros/jazzy/share/rclcpp_lifecycle/cmake)
[1.467s] -- Found sensor_msgs: 5.3.6 (/opt/ros/jazzy/share/sensor_msgs/cmake)
[1.557s] -- Found xacro: 2.0.13 (/opt/ros/jazzy/share/xacro/cmake)
[1.562s] -- Found image_transport_plugins: 4.0.4 (/opt/ros/jazzy/share/image_transport_plugins/cmake)
[1.568s] -- Found robot_state_publisher: 3.3.3 (/opt/ros/jazzy/share/robot_state_publisher/cmake)
[1.840s] -- Found ros_gz_bridge: 1.0.15 (/opt/ros/jazzy/share/ros_gz_bridge/cmake)
[1.881s] -- Looking for gz-msgs10 -- found version 10.3.2
[1.897s] -- Searching for dependencies of gz-msgs10
[2.069s] -- Found Protobuf: /usr/lib/x86_64-linux-gnu/libprotobuf.so (found version "3.21.12") 
[2.075s] -- Looking for gz-utils2 -- found version 2.2.1
[2.075s] -- Searching for dependencies of gz-utils2
[2.081s] -- Looking for gz-math7 -- found version 7.5.2
[2.081s] -- Searching for dependencies of gz-math7
[2.082s] -- Looking for gz-utils2 -- found version 2.2.1
[2.091s] -- Checking for module 'tinyxml2'
[2.112s] --   Found tinyxml2, version 10.0.0
[2.166s] -- Looking for gz-transport13 -- found version 13.4.1
[2.166s] -- Searching for dependencies of gz-transport13
[2.207s] -- Config-file not installed for ZeroMQ -- checking for pkg-config
[2.213s] -- Checking for module 'libzmq >= 4'
[2.232s] --   Found libzmq, version 4.3.5
[2.288s] -- Found ZeroMQ: TRUE (Required is at least version "4") 
[2.296s] -- Checking for module 'uuid'
[2.319s] --   Found uuid, version 2.39.3
[2.365s] -- Found UUID: TRUE  
[2.365s] -- Looking for gz-utils2 -- found version 2.2.1
[2.366s] -- Searching for dependencies of gz-utils2
[2.366s] -- Searching for <gz-utils2> component [cli]
[2.371s] -- Looking for gz-utils2-cli -- found version 2.2.1
[2.371s] -- Searching for dependencies of gz-utils2-cli
[2.372s] -- Looking for gz-msgs10 -- found version 10.3.2
[2.612s] -- Found ros_gz_sim: 1.0.15 (/opt/ros/jazzy/share/ros_gz_sim/cmake)
[2.623s] -- Found ros_gz_image: 1.0.15 (/opt/ros/jazzy/share/ros_gz_image/cmake)
[2.628s] -- Found rviz2: 14.1.12 (/opt/ros/jazzy/share/rviz2/cmake)
[2.633s] -- Found ament_lint_auto: 0.17.2 (/opt/ros/jazzy/share/ament_lint_auto/cmake)
[2.978s] -- Added test 'copyright' to check source files copyright and LICENSE
[2.987s] -- Added test 'cppcheck' to perform static code analysis on C / C++ code
[2.987s] -- Configured cppcheck include dirs: 
[2.987s] -- Configured cppcheck exclude dirs and/or files: 
[2.995s] -- Added test 'cpplint' to check C / C++ code against the Google style
[2.995s] -- Configured cpplint exclude dirs and/or files: 
[2.998s] -- Added test 'flake8' to check Python code syntax and style conventions
[2.998s] -- Configured 'flake8' exclude dirs and/or files: 
[3.001s] -- Added test 'lint_cmake' to check CMake code style
[3.003s] -- Added test 'pep257' to check Python code against some of the docstring style conventions in PEP 257
[3.013s] -- Added test 'uncrustify' to check C / C++ code style
[3.013s] -- Configured uncrustify additional arguments: 
[3.015s] -- Added test 'xmllint' to check XML markup files
[3.019s] -- Configuring done (3.0s)
[3.036s] -- Generating done (0.0s)
[3.042s] -- Build files have been written to: /home/nonso/Dev/DepthCamSim/build/depthcam_sim
[3.057s] Invoked command in '/home/nonso/Dev/DepthCamSim/build/depthcam_sim' returned '0': CMAKE_PREFIX_PATH=${CMAKE_PREFIX_PATH}:/opt/ros/jazzy DEBUGINFOD_URLS=https://debuginfod.ubuntu.com /usr/bin/cmake /home/nonso/Dev/DepthCamSim -DCMAKE_INSTALL_PREFIX=/home/nonso/Dev/DepthCamSim/install/depthcam_sim
[3.058s] Invoking command in '/home/nonso/Dev/DepthCamSim/build/depthcam_sim': CMAKE_PREFIX_PATH=${CMAKE_PREFIX_PATH}:/opt/ros/jazzy DEBUGINFOD_URLS=https://debuginfod.ubuntu.com /usr/bin/cmake --build /home/nonso/Dev/DepthCamSim/build/depthcam_sim -- -j8 -l8
[3.124s] [ 50%] [32mBuilding CXX object CMakeFiles/depthcam_node.dir/src/depthcam_node.cpp.o[0m
[12.482s] [100%] [32m[1mLinking CXX executable depthcam_node[0m
[13.039s] [100%] Built target depthcam_node
[13.053s] Invoked command in '/home/nonso/Dev/DepthCamSim/build/depthcam_sim' returned '0': CMAKE_PREFIX_PATH=${CMAKE_PREFIX_PATH}:/opt/ros/jazzy DEBUGINFOD_URLS=https://debuginfod.ubuntu.com /usr/bin/cmake --build /home/nonso/Dev/DepthCamSim/build/depthcam_sim -- -j8 -l8
[13.066s] Invoking command in '/home/nonso/Dev/DepthCamSim/build/depthcam_sim': CMAKE_PREFIX_PATH=${CMAKE_PREFIX_PATH}:/opt/ros/jazzy DEBUGINFOD_URLS=https://debuginfod.ubuntu.com /usr/bin/cmake --install /home/nonso/Dev/DepthCamSim/build/depthcam_sim
[13.075s] -- Install configuration: ""
[13.076s] -- Installing: /home/nonso/Dev/DepthCamSim/install/depthcam_sim/share/depthcam_sim/launch
[13.076s] -- Installing: /home/nonso/Dev/DepthCamSim/install/depthcam_sim/share/depthcam_sim/launch/simulation.launch.py
[13.076s] -- Installing: /home/nonso/Dev/DepthCamSim/install/depthcam_sim/share/depthcam_sim/rviz
[13.076s] -- Installing: /home/nonso/Dev/DepthCamSim/install/depthcam_sim/share/depthcam_sim/rviz/simulation.rviz
[13.076s] -- Installing: /home/nonso/Dev/DepthCamSim/install/depthcam_sim/share/depthcam_sim/world
[13.077s] -- Installing: /home/nonso/Dev/DepthCamSim/install/depthcam_sim/share/depthcam_sim/world/simulation.sdf
[13.077s] -- Installing: /home/nonso/Dev/DepthCamSim/install/depthcam_sim/share/ament_index/resource_index/package_run_dependencies/depthcam_sim
[13.077s] -- Installing: /home/nonso/Dev/DepthCamSim/install/depthcam_sim/share/ament_index/resource_index/parent_prefix_path/depthcam_sim
[13.077s] -- Installing: /home/nonso/Dev/DepthCamSim/install/depthcam_sim/share/depthcam_sim/environment/ament_prefix_path.sh
[13.077s] -- Installing: /home/nonso/Dev/DepthCamSim/install/depthcam_sim/share/depthcam_sim/environment/ament_prefix_path.dsv
[13.077s] -- Installing: /home/nonso/Dev/DepthCamSim/install/depthcam_sim/share/depthcam_sim/environment/path.sh
[13.078s] -- Installing: /home/nonso/Dev/DepthCamSim/install/depthcam_sim/share/depthcam_sim/environment/path.dsv
[13.078s] -- Installing: /home/nonso/Dev/DepthCamSim/install/depthcam_sim/share/depthcam_sim/local_setup.bash
[13.078s] -- Installing: /home/nonso/Dev/DepthCamSim/install/depthcam_sim/share/depthcam_sim/local_setup.sh
[13.078s] -- Installing: /home/nonso/Dev/DepthCamSim/install/depthcam_sim/share/depthcam_sim/local_setup.zsh
[13.078s] -- Installing: /home/nonso/Dev/DepthCamSim/install/depthcam_sim/share/depthcam_sim/local_setup.dsv
[13.078s] -- Installing: /home/nonso/Dev/DepthCamSim/install/depthcam_sim/share/depthcam_sim/package.dsv
[13.079s] -- Installing: /home/nonso/Dev/DepthCamSim/install/depthcam_sim/share/ament_index/resource_index/packages/depthcam_sim
[13.079s] -- Installing: /home/nonso/Dev/DepthCamSim/install/depthcam_sim/share/depthcam_sim/cmake/depthcam_simConfig.cmake
[13.079s] -- Installing: /home/nonso/Dev/DepthCamSim/install/depthcam_sim/share/depthcam_sim/cmake/depthcam_simConfig-version.cmake
[13.079s] -- Installing: /home/nonso/Dev/DepthCamSim/install/depthcam_sim/share/depthcam_sim/package.xml
[13.082s] Invoked command in '/home/nonso/Dev/DepthCamSim/build/depthcam_sim' returned '0': CMAKE_PREFIX_PATH=${CMAKE_PREFIX_PATH}:/opt/ros/jazzy DEBUGINFOD_URLS=https://debuginfod.ubuntu.com /usr/bin/cmake --install /home/nonso/Dev/DepthCamSim/build/depthcam_sim
