[0.109s] DEBUG:colcon:Command line arguments: ['/usr/bin/colcon', 'build']
[0.109s] DEBUG:colcon:Parsed command line arguments: Namespace(log_base=None, log_level=None, verb_name='build', build_base='build', install_base='install', merge_install=False, symlink_install=False, test_result_base=None, continue_on_error=False, executor='parallel', parallel_workers=8, event_handlers=None, ignore_user_meta=False, metas=['./colcon.meta'], base_paths=['.'], packages_ignore=None, packages_ignore_regex=None, paths=None, packages_up_to=None, packages_up_to_regex=None, packages_above=None, packages_above_and_dependencies=None, packages_above_depth=None, packages_select_by_dep=None, packages_skip_by_dep=None, packages_skip_up_to=None, packages_select_build_failed=False, packages_skip_build_finished=False, packages_select_test_failures=False, packages_skip_test_passed=False, packages_select=None, packages_skip=None, packages_select_regex=None, packages_skip_regex=None, packages_start=None, packages_end=None, allow_overriding=[], cmake_args=None, cmake_target=None, cmake_target_skip_unavailable=False, cmake_clean_cache=False, cmake_clean_first=False, cmake_force_configure=False, ament_cmake_args=None, catkin_cmake_args=None, catkin_skip_building_tests=False, mixin_files=None, mixin=None, verb_parser=<colcon_mixin.mixin.mixin_argument.MixinArgumentDecorator object at 0x7b119a9a0830>, verb_extension=<colcon_core.verb.build.BuildVerb object at 0x7b119a92a330>, main=<bound method BuildVerb.main of <colcon_core.verb.build.BuildVerb object at 0x7b119a92a330>>, mixin_verb=('build',))
[0.147s] Level 1:colcon.colcon_core.package_discovery:discover_packages(colcon_meta) check parameters
[0.147s] Level 1:colcon.colcon_core.package_discovery:discover_packages(recursive) check parameters
[0.147s] Level 1:colcon.colcon_core.package_discovery:discover_packages(ignore) check parameters
[0.147s] Level 1:colcon.colcon_core.package_discovery:discover_packages(path) check parameters
[0.147s] Level 1:colcon.colcon_core.package_discovery:discover_packages(colcon_meta) discover
[0.147s] Level 1:colcon.colcon_core.package_discovery:discover_packages(recursive) discover
[0.147s] INFO:colcon.colcon_core.package_discovery:Crawling recursively for packages in '/home/nonso/Dev/DepthCamSim'
[0.147s] Level 1:colcon.colcon_core.package_identification:_identify(.) by extensions ['ignore', 'ignore_ament_install']
[0.147s] Level 1:colcon.colcon_core.package_identification:_identify(.) by extension 'ignore'
[0.147s] Level 1:colcon.colcon_core.package_identification:_identify(.) by extension 'ignore_ament_install'
[0.147s] Level 1:colcon.colcon_core.package_identification:_identify(.) by extensions ['colcon_pkg']
[0.147s] Level 1:colcon.colcon_core.package_identification:_identify(.) by extension 'colcon_pkg'
[0.148s] Level 1:colcon.colcon_core.package_identification:_identify(.) by extensions ['colcon_meta']
[0.148s] Level 1:colcon.colcon_core.package_identification:_identify(.) by extension 'colcon_meta'
[0.148s] Level 1:colcon.colcon_core.package_identification:_identify(.) by extensions ['ros']
[0.148s] Level 1:colcon.colcon_core.package_identification:_identify(.) by extension 'ros'
[0.174s] DEBUG:colcon.colcon_core.package_identification:Package '.' with type 'ros.ament_cmake' and name 'depthcam_sim'
[0.174s] Level 1:colcon.colcon_core.package_discovery:discover_packages(recursive) using defaults
[0.174s] Level 1:colcon.colcon_core.package_discovery:discover_packages(ignore) discover
[0.174s] Level 1:colcon.colcon_core.package_discovery:discover_packages(ignore) using defaults
[0.174s] Level 1:colcon.colcon_core.package_discovery:discover_packages(path) discover
[0.174s] Level 1:colcon.colcon_core.package_discovery:discover_packages(path) using defaults
[0.191s] Level 1:colcon.colcon_core.package_discovery:discover_packages(prefix_path) check parameters
[0.191s] Level 1:colcon.colcon_core.package_discovery:discover_packages(prefix_path) discover
[0.192s] DEBUG:colcon.colcon_installed_package_information.package_discovery:Found 1 installed packages in /home/nonso/Dev/DepthCamSim/install
[0.194s] DEBUG:colcon.colcon_installed_package_information.package_discovery:Found 315 installed packages in /opt/ros/jazzy
[0.195s] Level 1:colcon.colcon_core.package_discovery:discover_packages(prefix_path) using defaults
[0.241s] Level 5:colcon.colcon_core.verb:set package 'depthcam_sim' build argument 'cmake_args' from command line to 'None'
[0.241s] Level 5:colcon.colcon_core.verb:set package 'depthcam_sim' build argument 'cmake_target' from command line to 'None'
[0.241s] Level 5:colcon.colcon_core.verb:set package 'depthcam_sim' build argument 'cmake_target_skip_unavailable' from command line to 'False'
[0.241s] Level 5:colcon.colcon_core.verb:set package 'depthcam_sim' build argument 'cmake_clean_cache' from command line to 'False'
[0.241s] Level 5:colcon.colcon_core.verb:set package 'depthcam_sim' build argument 'cmake_clean_first' from command line to 'False'
[0.241s] Level 5:colcon.colcon_core.verb:set package 'depthcam_sim' build argument 'cmake_force_configure' from command line to 'False'
[0.241s] Level 5:colcon.colcon_core.verb:set package 'depthcam_sim' build argument 'ament_cmake_args' from command line to 'None'
[0.241s] Level 5:colcon.colcon_core.verb:set package 'depthcam_sim' build argument 'catkin_cmake_args' from command line to 'None'
[0.241s] Level 5:colcon.colcon_core.verb:set package 'depthcam_sim' build argument 'catkin_skip_building_tests' from command line to 'False'
[0.241s] DEBUG:colcon.colcon_core.verb:Building package 'depthcam_sim' with the following arguments: {'ament_cmake_args': None, 'build_base': '/home/nonso/Dev/DepthCamSim/build/depthcam_sim', 'catkin_cmake_args': None, 'catkin_skip_building_tests': False, 'cmake_args': None, 'cmake_clean_cache': False, 'cmake_clean_first': False, 'cmake_force_configure': False, 'cmake_target': None, 'cmake_target_skip_unavailable': False, 'install_base': '/home/nonso/Dev/DepthCamSim/install/depthcam_sim', 'merge_install': False, 'path': '/home/nonso/Dev/DepthCamSim', 'symlink_install': False, 'test_result_base': None}
[0.241s] INFO:colcon.colcon_core.executor:Executing jobs using 'parallel' executor
[0.242s] DEBUG:colcon.colcon_parallel_executor.executor.parallel:run_until_complete
[0.242s] INFO:colcon.colcon_ros.task.ament_cmake.build:Building ROS package in '/home/nonso/Dev/DepthCamSim' with build type 'ament_cmake'
[0.242s] INFO:colcon.colcon_cmake.task.cmake.build:Building CMake package in '/home/nonso/Dev/DepthCamSim'
[0.245s] INFO:colcon.colcon_core.plugin_system:Skipping extension 'colcon_core.shell.bat': Not used on non-Windows systems
[0.245s] INFO:colcon.colcon_core.shell:Skip shell extension 'powershell' for command environment: Not usable outside of PowerShell
[0.245s] DEBUG:colcon.colcon_core.shell:Skip shell extension 'dsv' for command environment
[0.254s] DEBUG:colcon.colcon_core.event_handler.log_command:Invoking command in '/home/nonso/Dev/DepthCamSim/build/depthcam_sim': CMAKE_PREFIX_PATH=${CMAKE_PREFIX_PATH}:/opt/ros/jazzy DEBUGINFOD_URLS=https://debuginfod.ubuntu.com /usr/bin/cmake /home/nonso/Dev/DepthCamSim -DCMAKE_INSTALL_PREFIX=/home/nonso/Dev/DepthCamSim/install/depthcam_sim
[3.299s] DEBUG:colcon.colcon_core.event_handler.log_command:Invoked command in '/home/nonso/Dev/DepthCamSim/build/depthcam_sim' returned '0': CMAKE_PREFIX_PATH=${CMAKE_PREFIX_PATH}:/opt/ros/jazzy DEBUGINFOD_URLS=https://debuginfod.ubuntu.com /usr/bin/cmake /home/nonso/Dev/DepthCamSim -DCMAKE_INSTALL_PREFIX=/home/nonso/Dev/DepthCamSim/install/depthcam_sim
[3.301s] DEBUG:colcon.colcon_core.event_handler.log_command:Invoking command in '/home/nonso/Dev/DepthCamSim/build/depthcam_sim': CMAKE_PREFIX_PATH=${CMAKE_PREFIX_PATH}:/opt/ros/jazzy DEBUGINFOD_URLS=https://debuginfod.ubuntu.com /usr/bin/cmake --build /home/nonso/Dev/DepthCamSim/build/depthcam_sim -- -j8 -l8
[13.296s] DEBUG:colcon.colcon_core.event_handler.log_command:Invoked command in '/home/nonso/Dev/DepthCamSim/build/depthcam_sim' returned '0': CMAKE_PREFIX_PATH=${CMAKE_PREFIX_PATH}:/opt/ros/jazzy DEBUGINFOD_URLS=https://debuginfod.ubuntu.com /usr/bin/cmake --build /home/nonso/Dev/DepthCamSim/build/depthcam_sim -- -j8 -l8
[13.308s] DEBUG:colcon.colcon_core.event_handler.log_command:Invoking command in '/home/nonso/Dev/DepthCamSim/build/depthcam_sim': CMAKE_PREFIX_PATH=${CMAKE_PREFIX_PATH}:/opt/ros/jazzy DEBUGINFOD_URLS=https://debuginfod.ubuntu.com /usr/bin/cmake --install /home/nonso/Dev/DepthCamSim/build/depthcam_sim
[13.324s] Level 1:colcon.colcon_core.environment:create_environment_scripts_only(depthcam_sim)
[13.324s] DEBUG:colcon.colcon_core.event_handler.log_command:Invoked command in '/home/nonso/Dev/DepthCamSim/build/depthcam_sim' returned '0': CMAKE_PREFIX_PATH=${CMAKE_PREFIX_PATH}:/opt/ros/jazzy DEBUGINFOD_URLS=https://debuginfod.ubuntu.com /usr/bin/cmake --install /home/nonso/Dev/DepthCamSim/build/depthcam_sim
[13.327s] Level 1:colcon.colcon_core.environment:checking '/home/nonso/Dev/DepthCamSim/install/depthcam_sim' for CMake module files
[13.327s] Level 1:colcon.colcon_core.environment:checking '/home/nonso/Dev/DepthCamSim/install/depthcam_sim' for CMake config files
[13.327s] Level 1:colcon.colcon_core.shell:create_environment_hook('depthcam_sim', 'cmake_prefix_path')
[13.328s] INFO:colcon.colcon_core.shell:Creating environment hook '/home/nonso/Dev/DepthCamSim/install/depthcam_sim/share/depthcam_sim/hook/cmake_prefix_path.ps1'
[13.328s] INFO:colcon.colcon_core.shell:Creating environment descriptor '/home/nonso/Dev/DepthCamSim/install/depthcam_sim/share/depthcam_sim/hook/cmake_prefix_path.dsv'
[13.329s] INFO:colcon.colcon_core.shell:Creating environment hook '/home/nonso/Dev/DepthCamSim/install/depthcam_sim/share/depthcam_sim/hook/cmake_prefix_path.sh'
[13.329s] Level 1:colcon.colcon_core.environment:checking '/home/nonso/Dev/DepthCamSim/install/depthcam_sim/bin'
[13.329s] Level 1:colcon.colcon_core.environment:checking '/home/nonso/Dev/DepthCamSim/install/depthcam_sim/lib/pkgconfig/depthcam_sim.pc'
[13.330s] Level 1:colcon.colcon_core.environment:checking '/home/nonso/Dev/DepthCamSim/install/depthcam_sim/lib/python3.12/site-packages'
[13.330s] Level 1:colcon.colcon_core.environment:checking '/home/nonso/Dev/DepthCamSim/install/depthcam_sim/bin'
[13.330s] INFO:colcon.colcon_core.shell:Creating package script '/home/nonso/Dev/DepthCamSim/install/depthcam_sim/share/depthcam_sim/package.ps1'
[13.331s] INFO:colcon.colcon_core.shell:Creating package descriptor '/home/nonso/Dev/DepthCamSim/install/depthcam_sim/share/depthcam_sim/package.dsv'
[13.331s] INFO:colcon.colcon_core.shell:Creating package script '/home/nonso/Dev/DepthCamSim/install/depthcam_sim/share/depthcam_sim/package.sh'
[13.332s] INFO:colcon.colcon_core.shell:Creating package script '/home/nonso/Dev/DepthCamSim/install/depthcam_sim/share/depthcam_sim/package.bash'
[13.332s] INFO:colcon.colcon_core.shell:Creating package script '/home/nonso/Dev/DepthCamSim/install/depthcam_sim/share/depthcam_sim/package.zsh'
[13.333s] Level 1:colcon.colcon_core.environment:create_file_with_runtime_dependencies(/home/nonso/Dev/DepthCamSim/install/depthcam_sim/share/colcon-core/packages/depthcam_sim)
[13.333s] Level 1:colcon.colcon_core.environment:create_environment_scripts_only(depthcam_sim)
[13.334s] Level 1:colcon.colcon_core.environment:checking '/home/nonso/Dev/DepthCamSim/install/depthcam_sim' for CMake module files
[13.334s] Level 1:colcon.colcon_core.environment:checking '/home/nonso/Dev/DepthCamSim/install/depthcam_sim' for CMake config files
[13.334s] Level 1:colcon.colcon_core.shell:create_environment_hook('depthcam_sim', 'cmake_prefix_path')
[13.334s] INFO:colcon.colcon_core.shell:Creating environment hook '/home/nonso/Dev/DepthCamSim/install/depthcam_sim/share/depthcam_sim/hook/cmake_prefix_path.ps1'
[13.335s] INFO:colcon.colcon_core.shell:Creating environment descriptor '/home/nonso/Dev/DepthCamSim/install/depthcam_sim/share/depthcam_sim/hook/cmake_prefix_path.dsv'
[13.335s] INFO:colcon.colcon_core.shell:Creating environment hook '/home/nonso/Dev/DepthCamSim/install/depthcam_sim/share/depthcam_sim/hook/cmake_prefix_path.sh'
[13.336s] Level 1:colcon.colcon_core.environment:checking '/home/nonso/Dev/DepthCamSim/install/depthcam_sim/bin'
[13.336s] Level 1:colcon.colcon_core.environment:checking '/home/nonso/Dev/DepthCamSim/install/depthcam_sim/lib/pkgconfig/depthcam_sim.pc'
[13.336s] Level 1:colcon.colcon_core.environment:checking '/home/nonso/Dev/DepthCamSim/install/depthcam_sim/lib/python3.12/site-packages'
[13.336s] Level 1:colcon.colcon_core.environment:checking '/home/nonso/Dev/DepthCamSim/install/depthcam_sim/bin'
[13.336s] INFO:colcon.colcon_core.shell:Creating package script '/home/nonso/Dev/DepthCamSim/install/depthcam_sim/share/depthcam_sim/package.ps1'
[13.337s] INFO:colcon.colcon_core.shell:Creating package descriptor '/home/nonso/Dev/DepthCamSim/install/depthcam_sim/share/depthcam_sim/package.dsv'
[13.337s] INFO:colcon.colcon_core.shell:Creating package script '/home/nonso/Dev/DepthCamSim/install/depthcam_sim/share/depthcam_sim/package.sh'
[13.338s] INFO:colcon.colcon_core.shell:Creating package script '/home/nonso/Dev/DepthCamSim/install/depthcam_sim/share/depthcam_sim/package.bash'
[13.338s] INFO:colcon.colcon_core.shell:Creating package script '/home/nonso/Dev/DepthCamSim/install/depthcam_sim/share/depthcam_sim/package.zsh'
[13.338s] Level 1:colcon.colcon_core.environment:create_file_with_runtime_dependencies(/home/nonso/Dev/DepthCamSim/install/depthcam_sim/share/colcon-core/packages/depthcam_sim)
[13.339s] DEBUG:colcon.colcon_parallel_executor.executor.parallel:closing loop
[13.339s] DEBUG:colcon.colcon_parallel_executor.executor.parallel:loop closed
[13.339s] DEBUG:colcon.colcon_parallel_executor.executor.parallel:run_until_complete finished with '0'
[13.339s] DEBUG:colcon.colcon_core.event_reactor:joining thread
[13.346s] INFO:colcon.colcon_core.plugin_system:Skipping extension 'colcon_notification.desktop_notification.terminal_notifier': Not used on non-Darwin systems
[13.346s] INFO:colcon.colcon_core.plugin_system:Skipping extension 'colcon_notification.desktop_notification.win32': Not used on non-Windows systems
[13.346s] INFO:colcon.colcon_notification.desktop_notification:Sending desktop notification using 'notify2'
[13.363s] DEBUG:colcon.colcon_core.event_reactor:joined thread
[13.364s] INFO:colcon.colcon_core.shell:Creating prefix script '/home/nonso/Dev/DepthCamSim/install/local_setup.ps1'
[13.364s] INFO:colcon.colcon_core.shell:Creating prefix util module '/home/nonso/Dev/DepthCamSim/install/_local_setup_util_ps1.py'
[13.366s] INFO:colcon.colcon_core.shell:Creating prefix chain script '/home/nonso/Dev/DepthCamSim/install/setup.ps1'
[13.367s] INFO:colcon.colcon_core.shell:Creating prefix script '/home/nonso/Dev/DepthCamSim/install/local_setup.sh'
[13.368s] INFO:colcon.colcon_core.shell:Creating prefix util module '/home/nonso/Dev/DepthCamSim/install/_local_setup_util_sh.py'
[13.368s] INFO:colcon.colcon_core.shell:Creating prefix chain script '/home/nonso/Dev/DepthCamSim/install/setup.sh'
[13.370s] INFO:colcon.colcon_core.shell:Creating prefix script '/home/nonso/Dev/DepthCamSim/install/local_setup.bash'
[13.371s] INFO:colcon.colcon_core.shell:Creating prefix chain script '/home/nonso/Dev/DepthCamSim/install/setup.bash'
[13.371s] INFO:colcon.colcon_core.shell:Creating prefix script '/home/nonso/Dev/DepthCamSim/install/local_setup.zsh'
[13.372s] INFO:colcon.colcon_core.shell:Creating prefix chain script '/home/nonso/Dev/DepthCamSim/install/setup.zsh'
