[100%] Built target depthcam_node
-- Install configuration: ""
-- Up-to-date: /home/nonso/Dev/DepthCamSim/install/depthcam_sim/share/depthcam_sim/launch
-- Up-to-date: /home/nonso/Dev/DepthCamSim/install/depthcam_sim/share/depthcam_sim/launch/simulation.launch.py
-- Up-to-date: /home/nonso/Dev/DepthCamSim/install/depthcam_sim/share/depthcam_sim/rviz
-- Up-to-date: /home/nonso/Dev/DepthCamSim/install/depthcam_sim/share/depthcam_sim/rviz/simulation.rviz
-- Up-to-date: /home/nonso/Dev/DepthCamSim/install/depthcam_sim/share/depthcam_sim/world
-- Up-to-date: /home/nonso/Dev/DepthCamSim/install/depthcam_sim/share/depthcam_sim/world/simulation.sdf
-- Up-to-date: /home/nonso/Dev/DepthCamSim/install/depthcam_sim/share/ament_index/resource_index/package_run_dependencies/depthcam_sim
-- Up-to-date: /home/nonso/Dev/DepthCamSim/install/depthcam_sim/share/ament_index/resource_index/parent_prefix_path/depthcam_sim
-- Up-to-date: /home/nonso/Dev/DepthCamSim/install/depthcam_sim/share/depthcam_sim/environment/ament_prefix_path.sh
-- Up-to-date: /home/nonso/Dev/DepthCamSim/install/depthcam_sim/share/depthcam_sim/environment/ament_prefix_path.dsv
-- Up-to-date: /home/nonso/Dev/DepthCamSim/install/depthcam_sim/share/depthcam_sim/environment/path.sh
-- Up-to-date: /home/nonso/Dev/DepthCamSim/install/depthcam_sim/share/depthcam_sim/environment/path.dsv
-- Up-to-date: /home/nonso/Dev/DepthCamSim/install/depthcam_sim/share/depthcam_sim/local_setup.bash
-- Up-to-date: /home/nonso/Dev/DepthCamSim/install/depthcam_sim/share/depthcam_sim/local_setup.sh
-- Up-to-date: /home/nonso/Dev/DepthCamSim/install/depthcam_sim/share/depthcam_sim/local_setup.zsh
-- Up-to-date: /home/nonso/Dev/DepthCamSim/install/depthcam_sim/share/depthcam_sim/local_setup.dsv
-- Installing: /home/nonso/Dev/DepthCamSim/install/depthcam_sim/share/depthcam_sim/package.dsv
-- Up-to-date: /home/nonso/Dev/DepthCamSim/install/depthcam_sim/share/ament_index/resource_index/packages/depthcam_sim
-- Up-to-date: /home/nonso/Dev/DepthCamSim/install/depthcam_sim/share/depthcam_sim/cmake/depthcam_simConfig.cmake
-- Up-to-date: /home/nonso/Dev/DepthCamSim/install/depthcam_sim/share/depthcam_sim/cmake/depthcam_simConfig-version.cmake
-- Up-to-date: /home/nonso/Dev/DepthCamSim/install/depthcam_sim/share/depthcam_sim/package.xml
