[0.107s] DEBUG:colcon:Command line arguments: ['/usr/bin/colcon', 'build']
[0.107s] DEBUG:colcon:Parsed command line arguments: Namespace(log_base=None, log_level=None, verb_name='build', build_base='build', install_base='install', merge_install=False, symlink_install=False, test_result_base=None, continue_on_error=False, executor='parallel', parallel_workers=8, event_handlers=None, ignore_user_meta=False, metas=['./colcon.meta'], base_paths=['.'], packages_ignore=None, packages_ignore_regex=None, paths=None, packages_up_to=None, packages_up_to_regex=None, packages_above=None, packages_above_and_dependencies=None, packages_above_depth=None, packages_select_by_dep=None, packages_skip_by_dep=None, packages_skip_up_to=None, packages_select_build_failed=False, packages_skip_build_finished=False, packages_select_test_failures=False, packages_skip_test_passed=False, packages_select=None, packages_skip=None, packages_select_regex=None, packages_skip_regex=None, packages_start=None, packages_end=None, allow_overriding=[], cmake_args=None, cmake_target=None, cmake_target_skip_unavailable=False, cmake_clean_cache=False, cmake_clean_first=False, cmake_force_configure=False, ament_cmake_args=None, catkin_cmake_args=None, catkin_skip_building_tests=False, mixin_files=None, mixin=None, verb_parser=<colcon_mixin.mixin.mixin_argument.MixinArgumentDecorator object at 0x7ca9b1b80380>, verb_extension=<colcon_core.verb.build.BuildVerb object at 0x7ca9b1b01eb0>, main=<bound method BuildVerb.main of <colcon_core.verb.build.BuildVerb object at 0x7ca9b1b01eb0>>, mixin_verb=('build',))
[0.146s] Level 1:colcon.colcon_core.package_discovery:discover_packages(colcon_meta) check parameters
[0.146s] Level 1:colcon.colcon_core.package_discovery:discover_packages(recursive) check parameters
[0.146s] Level 1:colcon.colcon_core.package_discovery:discover_packages(ignore) check parameters
[0.146s] Level 1:colcon.colcon_core.package_discovery:discover_packages(path) check parameters
[0.146s] Level 1:colcon.colcon_core.package_discovery:discover_packages(colcon_meta) discover
[0.146s] Level 1:colcon.colcon_core.package_discovery:discover_packages(recursive) discover
[0.146s] INFO:colcon.colcon_core.package_discovery:Crawling recursively for packages in '/home/nonso/Dev/DepthCamSim'
[0.146s] Level 1:colcon.colcon_core.package_identification:_identify(.) by extensions ['ignore', 'ignore_ament_install']
[0.146s] Level 1:colcon.colcon_core.package_identification:_identify(.) by extension 'ignore'
[0.146s] Level 1:colcon.colcon_core.package_identification:_identify(.) by extension 'ignore_ament_install'
[0.146s] Level 1:colcon.colcon_core.package_identification:_identify(.) by extensions ['colcon_pkg']
[0.146s] Level 1:colcon.colcon_core.package_identification:_identify(.) by extension 'colcon_pkg'
[0.146s] Level 1:colcon.colcon_core.package_identification:_identify(.) by extensions ['colcon_meta']
[0.146s] Level 1:colcon.colcon_core.package_identification:_identify(.) by extension 'colcon_meta'
[0.147s] Level 1:colcon.colcon_core.package_identification:_identify(.) by extensions ['ros']
[0.147s] Level 1:colcon.colcon_core.package_identification:_identify(.) by extension 'ros'
[0.173s] DEBUG:colcon.colcon_core.package_identification:Package '.' with type 'ros.ament_cmake' and name 'depthcam_sim'
[0.173s] Level 1:colcon.colcon_core.package_discovery:discover_packages(recursive) using defaults
[0.173s] Level 1:colcon.colcon_core.package_discovery:discover_packages(ignore) discover
[0.173s] Level 1:colcon.colcon_core.package_discovery:discover_packages(ignore) using defaults
[0.173s] Level 1:colcon.colcon_core.package_discovery:discover_packages(path) discover
[0.173s] Level 1:colcon.colcon_core.package_discovery:discover_packages(path) using defaults
[0.189s] Level 1:colcon.colcon_core.package_discovery:discover_packages(prefix_path) check parameters
[0.189s] Level 1:colcon.colcon_core.package_discovery:discover_packages(prefix_path) discover
[0.190s] WARNING:colcon.colcon_ros.prefix_path.ament:The path '/home/nonso/Dev/DepthCamSim/install/depthcam_sim' in the environment variable AMENT_PREFIX_PATH doesn't exist
[0.190s] WARNING:colcon.colcon_ros.prefix_path.catkin:The path '/home/nonso/Dev/DepthCamSim/install/depthcam_sim' in the environment variable CMAKE_PREFIX_PATH doesn't exist
[0.192s] DEBUG:colcon.colcon_installed_package_information.package_discovery:Found 0 installed packages in /home/nonso/Dev/DepthCamSim/install
[0.195s] DEBUG:colcon.colcon_installed_package_information.package_discovery:Found 315 installed packages in /opt/ros/jazzy
[0.197s] Level 1:colcon.colcon_core.package_discovery:discover_packages(prefix_path) using defaults
[0.246s] Level 5:colcon.colcon_core.verb:set package 'depthcam_sim' build argument 'cmake_args' from command line to 'None'
[0.246s] Level 5:colcon.colcon_core.verb:set package 'depthcam_sim' build argument 'cmake_target' from command line to 'None'
[0.246s] Level 5:colcon.colcon_core.verb:set package 'depthcam_sim' build argument 'cmake_target_skip_unavailable' from command line to 'False'
[0.246s] Level 5:colcon.colcon_core.verb:set package 'depthcam_sim' build argument 'cmake_clean_cache' from command line to 'False'
[0.246s] Level 5:colcon.colcon_core.verb:set package 'depthcam_sim' build argument 'cmake_clean_first' from command line to 'False'
[0.246s] Level 5:colcon.colcon_core.verb:set package 'depthcam_sim' build argument 'cmake_force_configure' from command line to 'False'
[0.246s] Level 5:colcon.colcon_core.verb:set package 'depthcam_sim' build argument 'ament_cmake_args' from command line to 'None'
[0.246s] Level 5:colcon.colcon_core.verb:set package 'depthcam_sim' build argument 'catkin_cmake_args' from command line to 'None'
[0.246s] Level 5:colcon.colcon_core.verb:set package 'depthcam_sim' build argument 'catkin_skip_building_tests' from command line to 'False'
[0.246s] DEBUG:colcon.colcon_core.verb:Building package 'depthcam_sim' with the following arguments: {'ament_cmake_args': None, 'build_base': '/home/nonso/Dev/DepthCamSim/build/depthcam_sim', 'catkin_cmake_args': None, 'catkin_skip_building_tests': False, 'cmake_args': None, 'cmake_clean_cache': False, 'cmake_clean_first': False, 'cmake_force_configure': False, 'cmake_target': None, 'cmake_target_skip_unavailable': False, 'install_base': '/home/nonso/Dev/DepthCamSim/install/depthcam_sim', 'merge_install': False, 'path': '/home/nonso/Dev/DepthCamSim', 'symlink_install': False, 'test_result_base': None}
[0.246s] INFO:colcon.colcon_core.executor:Executing jobs using 'parallel' executor
[0.247s] DEBUG:colcon.colcon_parallel_executor.executor.parallel:run_until_complete
[0.247s] INFO:colcon.colcon_ros.task.ament_cmake.build:Building ROS package in '/home/nonso/Dev/DepthCamSim' with build type 'ament_cmake'
[0.247s] INFO:colcon.colcon_cmake.task.cmake.build:Building CMake package in '/home/nonso/Dev/DepthCamSim'
[0.250s] INFO:colcon.colcon_core.plugin_system:Skipping extension 'colcon_core.shell.bat': Not used on non-Windows systems
[0.250s] INFO:colcon.colcon_core.shell:Skip shell extension 'powershell' for command environment: Not usable outside of PowerShell
[0.250s] DEBUG:colcon.colcon_core.shell:Skip shell extension 'dsv' for command environment
[0.258s] DEBUG:colcon.colcon_core.event_handler.log_command:Invoking command in '/home/nonso/Dev/DepthCamSim/build/depthcam_sim': CMAKE_PREFIX_PATH=${CMAKE_PREFIX_PATH}:/opt/ros/jazzy DEBUGINFOD_URLS=https://debuginfod.ubuntu.com /usr/bin/cmake /home/nonso/Dev/DepthCamSim -DCMAKE_INSTALL_PREFIX=/home/nonso/Dev/DepthCamSim/install/depthcam_sim
[0.271s] DEBUG:colcon.colcon_core.event_handler.log_command:Invoked command in '/home/nonso/Dev/DepthCamSim/build/depthcam_sim' returned '1': CMAKE_PREFIX_PATH=${CMAKE_PREFIX_PATH}:/opt/ros/jazzy DEBUGINFOD_URLS=https://debuginfod.ubuntu.com /usr/bin/cmake /home/nonso/Dev/DepthCamSim -DCMAKE_INSTALL_PREFIX=/home/nonso/Dev/DepthCamSim/install/depthcam_sim
[0.282s] Level 1:colcon.colcon_core.environment:create_environment_scripts_only(depthcam_sim)
[0.285s] Level 1:colcon.colcon_core.environment:checking '/home/nonso/Dev/DepthCamSim/install/depthcam_sim' for CMake module files
[0.285s] Level 1:colcon.colcon_core.environment:checking '/home/nonso/Dev/DepthCamSim/install/depthcam_sim' for CMake config files
[0.285s] Level 1:colcon.colcon_core.environment:checking '/home/nonso/Dev/DepthCamSim/install/depthcam_sim/bin'
[0.285s] Level 1:colcon.colcon_core.environment:checking '/home/nonso/Dev/DepthCamSim/install/depthcam_sim/lib/pkgconfig/depthcam_sim.pc'
[0.286s] Level 1:colcon.colcon_core.environment:checking '/home/nonso/Dev/DepthCamSim/install/depthcam_sim/lib/python3.12/site-packages'
[0.286s] Level 1:colcon.colcon_core.environment:checking '/home/nonso/Dev/DepthCamSim/install/depthcam_sim/bin'
[0.286s] INFO:colcon.colcon_core.shell:Creating package script '/home/nonso/Dev/DepthCamSim/install/depthcam_sim/share/depthcam_sim/package.ps1'
[0.287s] INFO:colcon.colcon_core.shell:Creating package descriptor '/home/nonso/Dev/DepthCamSim/install/depthcam_sim/share/depthcam_sim/package.dsv'
[0.287s] INFO:colcon.colcon_core.shell:Creating package script '/home/nonso/Dev/DepthCamSim/install/depthcam_sim/share/depthcam_sim/package.sh'
[0.288s] INFO:colcon.colcon_core.shell:Creating package script '/home/nonso/Dev/DepthCamSim/install/depthcam_sim/share/depthcam_sim/package.bash'
[0.288s] INFO:colcon.colcon_core.shell:Creating package script '/home/nonso/Dev/DepthCamSim/install/depthcam_sim/share/depthcam_sim/package.zsh'
[0.289s] Level 1:colcon.colcon_core.environment:create_file_with_runtime_dependencies(/home/nonso/Dev/DepthCamSim/install/depthcam_sim/share/colcon-core/packages/depthcam_sim)
[0.299s] DEBUG:colcon.colcon_parallel_executor.executor.parallel:closing loop
[0.299s] DEBUG:colcon.colcon_parallel_executor.executor.parallel:loop closed
[0.299s] DEBUG:colcon.colcon_parallel_executor.executor.parallel:run_until_complete finished with '1'
[0.299s] DEBUG:colcon.colcon_core.event_reactor:joining thread
[0.305s] INFO:colcon.colcon_core.plugin_system:Skipping extension 'colcon_notification.desktop_notification.terminal_notifier': Not used on non-Darwin systems
[0.305s] INFO:colcon.colcon_core.plugin_system:Skipping extension 'colcon_notification.desktop_notification.win32': Not used on non-Windows systems
[0.305s] INFO:colcon.colcon_notification.desktop_notification:Sending desktop notification using 'notify2'
[0.321s] DEBUG:colcon.colcon_core.event_reactor:joined thread
[0.321s] INFO:colcon.colcon_core.shell:Creating prefix script '/home/nonso/Dev/DepthCamSim/install/local_setup.ps1'
[0.322s] INFO:colcon.colcon_core.shell:Creating prefix util module '/home/nonso/Dev/DepthCamSim/install/_local_setup_util_ps1.py'
[0.323s] INFO:colcon.colcon_core.shell:Creating prefix chain script '/home/nonso/Dev/DepthCamSim/install/setup.ps1'
[0.324s] INFO:colcon.colcon_core.shell:Creating prefix script '/home/nonso/Dev/DepthCamSim/install/local_setup.sh'
[0.325s] INFO:colcon.colcon_core.shell:Creating prefix util module '/home/nonso/Dev/DepthCamSim/install/_local_setup_util_sh.py'
[0.326s] INFO:colcon.colcon_core.shell:Creating prefix chain script '/home/nonso/Dev/DepthCamSim/install/setup.sh'
[0.327s] INFO:colcon.colcon_core.shell:Creating prefix script '/home/nonso/Dev/DepthCamSim/install/local_setup.bash'
[0.327s] INFO:colcon.colcon_core.shell:Creating prefix chain script '/home/nonso/Dev/DepthCamSim/install/setup.bash'
[0.328s] INFO:colcon.colcon_core.shell:Creating prefix script '/home/nonso/Dev/DepthCamSim/install/local_setup.zsh'
[0.328s] INFO:colcon.colcon_core.shell:Creating prefix chain script '/home/nonso/Dev/DepthCamSim/install/setup.zsh'
